CRITICAL - 2025-05-04 09:01:09 --> CodeIgniter\Database\Exceptions\DataException: Allowed fields must be specified for model: "App\Models\ArtikelModel"
[Method: POST, Route: artikel/store]
in SYSTEMPATH\Model.php on line 822.
 1 SYSTEMPATH\Model.php(822): CodeIgniter\Database\Exceptions\DataException::forInvalidAllowedFields('App\\Models\\ArtikelModel')
 2 SYSTEMPATH\BaseModel.php(824): CodeIgniter\Model->doProtectFieldsForInsert([...])
 3 SYSTEMPATH\Model.php(800): CodeIgniter\BaseModel->insert([...], true)
 4 APPPATH\Controllers\Artikel.php(40): CodeIgniter\Model->insert([...])
 5 SYSTEMPATH\CodeIgniter.php(933): App\Controllers\Artikel->store()
 6 SYSTEMPATH\CodeIgniter.php(507): CodeIgniter\CodeIgniter->runController(Object(App\Controllers\Artikel))
 7 SYSTEMPATH\CodeIgniter.php(354): CodeIgniter\CodeIgniter->handleRequest(null, Object(Config\Cache), false)
 8 SYSTEMPATH\Boot.php(334): CodeIgniter\CodeIgniter->run()
 9 SYSTEMPATH\Boot.php(67): CodeIgniter\Boot::runCodeIgniter(Object(CodeIgniter\CodeIgniter))
10 FCPATH\index.php(59): CodeIgniter\Boot::bootWeb(Object(Config\Paths))
11 SYSTEMPATH\rewrite.php(44): require_once('C:\\Kampus\\uts_weblanjut\\public\\index.php')
CRITICAL - 2025-05-04 09:24:15 --> CodeIgniter\View\Exceptions\ViewException: Invalid file: "artikel/edit.php"
[Method: GET, Route: artikel/edit/1]
in SYSTEMPATH\Exceptions\FrameworkException.php on line 39.
 1 SYSTEMPATH\View\View.php(212): CodeIgniter\Exceptions\FrameworkException::forInvalidFile('artikel/edit.php')
 2 SYSTEMPATH\Common.php(1173): CodeIgniter\View\View->render('artikel/edit', [], true)
 3 APPPATH\Controllers\Artikel.php(66): view('artikel/edit', [...])
 4 SYSTEMPATH\CodeIgniter.php(933): App\Controllers\Artikel->edit('1')
 5 SYSTEMPATH\CodeIgniter.php(507): CodeIgniter\CodeIgniter->runController(Object(App\Controllers\Artikel))
 6 SYSTEMPATH\CodeIgniter.php(354): CodeIgniter\CodeIgniter->handleRequest(null, Object(Config\Cache), false)
 7 SYSTEMPATH\Boot.php(334): CodeIgniter\CodeIgniter->run()
 8 SYSTEMPATH\Boot.php(67): CodeIgniter\Boot::runCodeIgniter(Object(CodeIgniter\CodeIgniter))
 9 FCPATH\index.php(59): CodeIgniter\Boot::bootWeb(Object(Config\Paths))
10 SYSTEMPATH\rewrite.php(44): require_once('C:\\Kampus\\uts_weblanjut\\public\\index.php')
